# JRE version: Java(TM) SE Runtime Environment (8.0_141-b15) (build 1.8.0_141-b15)
# Java VM: Java HotSpot(TM) 64-Bit Server VM (25.141-b15 mixed mode windows-amd64 compressed oops)
Heap:
 PSYoungGen      total 142848K, used 37793K [0x000000076e000000, 0x0000000778380000, 0x00000007c0000000)
  eden space 137216K, 27% used [0x000000076e000000,0x00000007704e8508,0x0000000776600000)
  from space 5632K, 0% used [0x0000000777e00000,0x0000000777e00000,0x0000000778380000)
  to   space 11776K, 0% used [0x0000000776c80000,0x0000000776c80000,0x0000000777800000)
 ParOldGen       total 94208K, used 19630K [0x00000006ca000000, 0x00000006cfc00000, 0x000000076e000000)
  object space 94208K, 20% used [0x00000006ca000000,0x00000006cb32b900,0x00000006cfc00000)
 Metaspace       used 39787K, capacity 41900K, committed 42368K, reserved 1091584K
  class space    used 5457K, capacity 5865K, committed 6016K, reserved 1048576K
GC Heap History (10 events):
Event: 4.204 GC heap before
{Heap before GC invocations=9 (full 1):
 PSYoungGen      total 116224K, used 116222K [0x000000076e000000, 0x0000000775b80000, 0x00000007c0000000)
  eden space 105984K, 100% used [0x000000076e000000,0x0000000774780000,0x0000000774780000)
  from space 10240K, 99% used [0x0000000774780000,0x000000077517f870,0x0000000775180000)
  to   space 10240K, 0% used [0x0000000775180000,0x0000000775180000,0x0000000775b80000)
 ParOldGen       total 94208K, used 8376K [0x00000006ca000000, 0x00000006cfc00000, 0x000000076e000000)
  object space 94208K, 8% used [0x00000006ca000000,0x00000006ca82e010,0x00000006cfc00000)
 Metaspace       used 31363K, capacity 33284K, committed 33536K, reserved 1079296K
  class space    used 4238K, capacity 4606K, committed 4608K, reserved 1048576K
Event: 4.210 GC heap after
Heap after GC invocations=9 (full 1):
 PSYoungGen      total 116224K, used 8931K [0x000000076e000000, 0x0000000775b80000, 0x00000007c0000000)
  eden space 105984K, 0% used [0x000000076e000000,0x000000076e000000,0x0000000774780000)
  from space 10240K, 87% used [0x0000000775180000,0x0000000775a38d68,0x0000000775b80000)
  to   space 10240K, 0% used [0x0000000774780000,0x0000000774780000,0x0000000775180000)
 ParOldGen       total 94208K, used 10184K [0x00000006ca000000, 0x00000006cfc00000, 0x000000076e000000)
  object space 94208K, 10% used [0x00000006ca000000,0x00000006ca9f2060,0x00000006cfc00000)
 Metaspace       used 31363K, capacity 33284K, committed 33536K, reserved 1079296K
  class space    used 4238K, capacity 4606K, committed 4608K, reserved 1048576K
}
Event: 4.410 GC heap before
{Heap before GC invocations=10 (full 1):
 PSYoungGen      total 116224K, used 46781K [0x000000076e000000, 0x0000000775b80000, 0x00000007c0000000)
  eden space 105984K, 35% used [0x000000076e000000,0x00000007704f66c8,0x0000000774780000)
  from space 10240K, 87% used [0x0000000775180000,0x0000000775a38d68,0x0000000775b80000)
  to   space 10240K, 0% used [0x0000000774780000,0x0000000774780000,0x0000000775180000)
 ParOldGen       total 94208K, used 10184K [0x00000006ca000000, 0x00000006cfc00000, 0x000000076e000000)
  object space 94208K, 10% used [0x00000006ca000000,0x00000006ca9f2060,0x00000006cfc00000)
 Metaspace       used 33393K, capacity 35360K, committed 35496K, reserved 1079296K
  class space    used 4508K, capacity 4862K, committed 4864K, reserved 1048576K
Event: 4.415 GC heap after
Heap after GC invocations=10 (full 1):
 PSYoungGen      total 116224K, used 7760K [0x000000076e000000, 0x0000000778980000, 0x00000007c0000000)
  eden space 105984K, 0% used [0x000000076e000000,0x000000076e000000,0x0000000774780000)
  from space 10240K, 75% used [0x0000000774780000,0x0000000774f14378,0x0000000775180000)
  to   space 11776K, 0% used [0x0000000777e00000,0x0000000777e00000,0x0000000778980000)
 ParOldGen       total 94208K, used 11969K [0x00000006ca000000, 0x00000006cfc00000, 0x000000076e000000)
  object space 94208K, 12% used [0x00000006ca000000,0x00000006cabb0480,0x00000006cfc00000)
 Metaspace       used 33393K, capacity 35360K, committed 35496K, reserved 1079296K
  class space    used 4508K, capacity 4862K, committed 4864K, reserved 1048576K
}
Event: 4.415 GC heap before
{Heap before GC invocations=11 (full 2):
 PSYoungGen      total 116224K, used 7760K [0x000000076e000000, 0x0000000778980000, 0x00000007c0000000)
  eden space 105984K, 0% used [0x000000076e000000,0x000000076e000000,0x0000000774780000)
  from space 10240K, 75% used [0x0000000774780000,0x0000000774f14378,0x0000000775180000)
  to   space 11776K, 0% used [0x0000000777e00000,0x0000000777e00000,0x0000000778980000)
 ParOldGen       total 94208K, used 11969K [0x00000006ca000000, 0x00000006cfc00000, 0x000000076e000000)
  object space 94208K, 12% used [0x00000006ca000000,0x00000006cabb0480,0x00000006cfc00000)
 Metaspace       used 33393K, capacity 35360K, committed 35496K, reserved 1079296K
  class space    used 4508K, capacity 4862K, committed 4864K, reserved 1048576K
Event: 4.470 GC heap after
Heap after GC invocations=11 (full 2):
 PSYoungGen      total 116224K, used 0K [0x000000076e000000, 0x0000000778980000, 0x00000007c0000000)
  eden space 105984K, 0% used [0x000000076e000000,0x000000076e000000,0x0000000774780000)
  from space 10240K, 0% used [0x0000000774780000,0x0000000774780000,0x0000000775180000)
  to   space 11776K, 0% used [0x0000000777e00000,0x0000000777e00000,0x0000000778980000)
 ParOldGen       total 94208K, used 16232K [0x00000006ca000000, 0x00000006cfc00000, 0x000000076e000000)
  object space 94208K, 17% used [0x00000006ca000000,0x00000006cafda218,0x00000006cfc00000)
 Metaspace       used 33393K, capacity 35360K, committed 35496K, reserved 1079296K
  class space    used 4508K, capacity 4862K, committed 4864K, reserved 1048576K
}
Event: 6.015 GC heap before
{Heap before GC invocations=12 (full 2):
 PSYoungGen      total 116224K, used 73579K [0x000000076e000000, 0x0000000778980000, 0x00000007c0000000)
  eden space 105984K, 69% used [0x000000076e000000,0x00000007727dafe0,0x0000000774780000)
  from space 10240K, 0% used [0x0000000774780000,0x0000000774780000,0x0000000775180000)
  to   space 11776K, 0% used [0x0000000777e00000,0x0000000777e00000,0x0000000778980000)
 ParOldGen       total 94208K, used 16232K [0x00000006ca000000, 0x00000006cfc00000, 0x000000076e000000)
  object space 94208K, 17% used [0x00000006ca000000,0x00000006cafda218,0x00000006cfc00000)
 Metaspace       used 37819K, capacity 39920K, committed 40192K, reserved 1097728K
  class space    used 5097K, capacity 5503K, committed 5632K, reserved 1048576K
Event: 6.020 GC heap after
Heap after GC invocations=12 (full 2):
 PSYoungGen      total 142848K, used 5513K [0x000000076e000000, 0x0000000778380000, 0x00000007c0000000)
  eden space 137216K, 0% used [0x000000076e000000,0x000000076e000000,0x0000000776600000)
  from space 5632K, 97% used [0x0000000777e00000,0x0000000778362608,0x0000000778380000)
  to   space 11776K, 0% used [0x0000000776c80000,0x0000000776c80000,0x0000000777800000)
 ParOldGen       total 94208K, used 16240K [0x00000006ca000000, 0x00000006cfc00000, 0x000000076e000000)
  object space 94208K, 17% used [0x00000006ca000000,0x00000006cafdc218,0x00000006cfc00000)
 Metaspace       used 37819K, capacity 39920K, committed 40192K, reserved 1097728K
  class space    used 5097K, capacity 5503K, committed 5632K, reserved 1048576K
}
Event: 6.020 GC heap before
{Heap before GC invocations=13 (full 3):
 PSYoungGen      total 142848K, used 5513K [0x000000076e000000, 0x0000000778380000, 0x00000007c0000000)
  eden space 137216K, 0% used [0x000000076e000000,0x000000076e000000,0x0000000776600000)
  from space 5632K, 97% used [0x0000000777e00000,0x0000000778362608,0x0000000778380000)
  to   space 11776K, 0% used [0x0000000776c80000,0x0000000776c80000,0x0000000777800000)
 ParOldGen       total 94208K, used 16240K [0x00000006ca000000, 0x00000006cfc00000, 0x000000076e000000)
  object space 94208K, 17% used [0x00000006ca000000,0x00000006cafdc218,0x00000006cfc00000)
 Metaspace       used 37819K, capacity 39920K, committed 40192K, reserved 1097728K
  class space    used 5097K, capacity 5503K, committed 5632K, reserved 1048576K
Event: 6.128 GC heap after
Heap after GC invocations=13 (full 3):
 PSYoungGen      total 142848K, used 0K [0x000000076e000000, 0x0000000778380000, 0x00000007c0000000)
  eden space 137216K, 0% used [0x000000076e000000,0x000000076e000000,0x0000000776600000)
  from space 5632K, 0% used [0x0000000777e00000,0x0000000777e00000,0x0000000778380000)
  to   space 11776K, 0% used [0x0000000776c80000,0x0000000776c80000,0x0000000777800000)
 ParOldGen       total 94208K, used 19630K [0x00000006ca000000, 0x00000006cfc00000, 0x000000076e000000)
  object space 94208K, 20% used [0x00000006ca000000,0x00000006cb32b900,0x00000006cfc00000)
 Metaspace       used 37819K, capacity 39920K, committed 40192K, reserved 1091584K
  class space    used 5097K, capacity 5503K, committed 5632K, reserved 1048576K
}

